<?xml version="1.0" encoding="UTF-8"?>
<testng-results ignored="0" total="1" passed="1" failed="0" skipped="0">
  <reporter-output>
  </reporter-output>
  <suite started-at="2023-09-05T00:22:38 EDT" name="roicianscontact" finished-at="2023-09-05T00:22:54 EDT" duration-ms="16566">
    <groups>
    </groups>
    <test started-at="2023-09-05T00:22:38 EDT" name="TestNG" finished-at="2023-09-05T00:22:54 EDT" duration-ms="16566">
      <class name="testLayer.TestContactUs">
        <test-method is-config="true" signature="initsetup()[pri:0, instance:testLayer.TestContactUs@35e2d654]" started-at="2023-09-05T00:22:38 EDT" name="initsetup" finished-at="2023-09-05T00:22:51 EDT" duration-ms="13657" status="PASS">
          <reporter-output>
          </reporter-output>
        </test-method> <!-- initsetup -->
        <test-method signature="contactdetails()[pri:0, instance:testLayer.TestContactUs@35e2d654]" started-at="2023-09-05T00:22:51 EDT" name="contactdetails" finished-at="2023-09-05T00:22:53 EDT" duration-ms="1306" status="PASS">
          <reporter-output>
          </reporter-output>
        </test-method> <!-- contactdetails -->
        <test-method is-config="true" signature="closedriver()[pri:0, instance:testLayer.TestContactUs@35e2d654]" started-at="2023-09-05T00:22:53 EDT" name="closedriver" finished-at="2023-09-05T00:22:54 EDT" duration-ms="1563" status="PASS">
          <reporter-output>
          </reporter-output>
        </test-method> <!-- closedriver -->
      </class> <!-- testLayer.TestContactUs -->
    </test> <!-- TestNG -->
  </suite> <!-- roicianscontact -->
</testng-results>
